<component name="libraryTable">
  <library name="junit5">
    <CLASSES>
      <root url="jar://$PROJECT_DIR$/Workspace(New)/junit5/core-0.6.6.jar!/" />
      <root url="jar://$PROJECT_DIR$/Workspace(New)/junit5/opentest4j-1.2.0.jar!/" />
      <root url="jar://$PROJECT_DIR$/Workspace(New)/junit5/kotlin-stdlib-1.6.20.jar!/" />
      <root url="jar://$PROJECT_DIR$/Workspace(New)/junit5/hoplite-core-2.1.3.jar!/" />
      <root url="jar://$PROJECT_DIR$/Workspace(New)/junit5/kotlin-stdlib-jdk8-1.6.10.jar!/" />
      <root url="jar://$PROJECT_DIR$/Workspace(New)/junit5/junit-jupiter-api-5.8.0.jar!/" />
      <root url="jar://$PROJECT_DIR$/Workspace(New)/junit5/slf4j-api-1.7.32.jar!/" />
      <root url="jar://$PROJECT_DIR$/Workspace(New)/junit5/junit-jupiter-engine-5.8.0.jar!/" />
      <root url="jar://$PROJECT_DIR$/Workspace(New)/junit5/junit5-0.6.6.jar!/" />
      <root url="jar://$PROJECT_DIR$/Workspace(New)/junit5/kotlin-stdlib-common-1.6.20.jar!/" />
      <root url="jar://$PROJECT_DIR$/Workspace(New)/junit5/kotlin-stdlib-jdk7-1.6.10.jar!/" />
      <root url="jar://$PROJECT_DIR$/Workspace(New)/junit5/snakeyaml-1.30.jar!/" />
      <root url="jar://$PROJECT_DIR$/Workspace(New)/junit5/annotations-13.0.jar!/" />
      <root url="jar://$PROJECT_DIR$/Workspace(New)/junit5/kotlin-reflect-1.6.20.jar!/" />
      <root url="jar://$PROJECT_DIR$/Workspace(New)/junit5/junit-platform-launcher-1.8.0.jar!/" />
      <root url="jar://$PROJECT_DIR$/Workspace(New)/junit5/apiguardian-api-1.1.2.jar!/" />
      <root url="jar://$PROJECT_DIR$/Workspace(New)/junit5/hoplite-yaml-2.1.3.jar!/" />
      <root url="jar://$PROJECT_DIR$/Workspace(New)/junit5/junit-platform-commons-1.8.0.jar!/" />
      <root url="jar://$PROJECT_DIR$/Workspace(New)/junit5/junit-platform-engine-1.8.0.jar!/" />
    </CLASSES>
    <JAVADOC />
    <SOURCES />
  </library>
</component>